[2025-10-06 08:20:50.912]????0
[2025-10-06 08:20:50.912]?????0
[2025-10-06 08:20:50.912]????1 0
[2025-10-06 08:20:50.912]????1 0:0:0
[2025-10-06 08:20:50.912]????1 0:0:0
[2025-10-06 08:20:50.912]????2 0
[2025-10-06 08:20:50.912]????2 0:0:0
[2025-10-06 08:20:50.912]????2 0:0:0
[2025-10-06 08:20:50.912]????3 0
[2025-10-06 08:20:50.912]????3 0:0:0
[2025-10-06 08:20:50.912]????3 0:0:0
[2025-10-06 08:20:50.912]????4 0
[2025-10-06 08:20:50.912]????4 0:0:0
[2025-10-06 08:20:50.912]????4 0:0:0
[2025-10-06 08:22:46.825]????0
[2025-10-06 08:22:46.825]?????0
[2025-10-06 08:22:46.825]????1 0
[2025-10-06 08:22:46.825]????1 0:0:0
[2025-10-06 08:22:46.825]????1 0:0:0
[2025-10-06 08:22:46.825]????2 0
[2025-10-06 08:22:46.825]????2 0:0:0
[2025-10-06 08:22:46.825]????2 0:0:0
[2025-10-06 08:22:46.825]????3 0
[2025-10-06 08:22:46.825]????3 0:0:0
[2025-10-06 08:22:46.825]????3 0:0:0
[2025-10-06 08:22:46.825]????4 0
[2025-10-06 08:22:46.825]????4 0:0:0
[2025-10-06 08:22:46.825]????4 0:0:0
[2025-10-06 08:23:14.903]GetControlCardInfo start.
[2025-10-06 08:24:41.362]????0
[2025-10-06 08:24:41.362]?????0
[2025-10-06 08:24:41.362]????1 0
[2025-10-06 08:24:41.362]????1 0:0:0
[2025-10-06 08:24:41.362]????1 0:0:0
[2025-10-06 08:24:41.362]????2 0
[2025-10-06 08:24:41.362]????2 0:0:0
[2025-10-06 08:24:41.362]????2 0:0:0
[2025-10-06 08:24:41.362]????3 0
[2025-10-06 08:24:41.362]????3 0:0:0
[2025-10-06 08:24:41.362]????3 0:0:0
[2025-10-06 08:24:41.362]????4 0
[2025-10-06 08:24:41.362]????4 0:0:0
[2025-10-06 08:24:41.362]????4 0:0:0
[2025-10-06 08:32:31.478]GetControlCardInfo start.
[2025-10-06 08:32:31.491]GetControlCardInfo end.
[2025-10-06 08:33:36.948]GetControlCardInfo start.
[2025-10-06 08:33:36.962]GetControlCardInfo end.
[2025-10-06 08:33:54.224]????0
[2025-10-06 08:33:54.224]?????0
[2025-10-06 08:33:54.224]????1 0
[2025-10-06 08:33:54.224]????1 0:0:0
[2025-10-06 08:33:54.224]????1 0:0:0
[2025-10-06 08:33:54.224]????2 0
[2025-10-06 08:33:54.224]????2 0:0:0
[2025-10-06 08:33:54.224]????2 0:0:0
[2025-10-06 08:33:54.224]????3 0
[2025-10-06 08:33:54.224]????3 0:0:0
[2025-10-06 08:33:54.224]????3 0:0:0
[2025-10-06 08:33:54.224]????4 0
[2025-10-06 08:33:54.224]????4 0:0:0
[2025-10-06 08:33:54.224]????4 0:0:0
[2025-10-06 08:35:40.491]????0
[2025-10-06 08:35:40.491]?????0
[2025-10-06 08:35:40.491]????1 0
[2025-10-06 08:35:40.491]????1 0:0:0
[2025-10-06 08:35:40.491]????1 0:0:0
[2025-10-06 08:35:40.491]????2 0
[2025-10-06 08:35:40.491]????2 0:0:0
[2025-10-06 08:35:40.491]????2 0:0:0
[2025-10-06 08:35:40.491]????3 0
[2025-10-06 08:35:40.491]????3 0:0:0
[2025-10-06 08:35:40.491]????3 0:0:0
[2025-10-06 08:35:40.491]????4 0
[2025-10-06 08:35:40.491]????4 0:0:0
[2025-10-06 08:35:40.491]????4 0:0:0
[2025-10-06 08:38:00.558]????0
[2025-10-06 08:38:00.558]?????0
[2025-10-06 08:38:00.558]????1 0
[2025-10-06 08:38:00.558]????1 0:0:0
[2025-10-06 08:38:00.558]????1 0:0:0
[2025-10-06 08:38:00.558]????2 0
[2025-10-06 08:38:00.558]????2 0:0:0
[2025-10-06 08:38:00.558]????2 0:0:0
[2025-10-06 08:38:00.558]????3 0
[2025-10-06 08:38:00.558]????3 0:0:0
[2025-10-06 08:38:00.558]????3 0:0:0
[2025-10-06 08:38:00.558]????4 0
[2025-10-06 08:38:00.558]????4 0:0:0
[2025-10-06 08:38:00.558]????4 0:0:0
[2025-10-06 09:04:00.147]GetControlCardInfo start.
[2025-10-06 09:04:00.160]GetControlCardInfo end.
[2025-10-06 09:04:14.509]????0
[2025-10-06 09:04:14.509]?????0
[2025-10-06 09:04:14.509]????1 0
[2025-10-06 09:04:14.509]????1 0:0:0
[2025-10-06 09:04:14.509]????1 0:0:0
[2025-10-06 09:04:14.509]????2 0
[2025-10-06 09:04:14.509]????2 0:0:0
[2025-10-06 09:04:14.509]????2 0:0:0
[2025-10-06 09:04:14.509]????3 0
[2025-10-06 09:04:14.509]????3 0:0:0
[2025-10-06 09:04:14.509]????3 0:0:0
[2025-10-06 09:04:14.509]????4 0
[2025-10-06 09:04:14.509]????4 0:0:0
[2025-10-06 09:04:14.509]????4 0:0:0
[2025-10-06 09:07:32.822]????0
[2025-10-06 09:07:32.822]?????0
[2025-10-06 09:07:32.822]????1 0
[2025-10-06 09:07:32.822]????1 0:0:0
[2025-10-06 09:07:32.822]????1 0:0:0
[2025-10-06 09:07:32.822]????2 0
[2025-10-06 09:07:32.822]????2 0:0:0
[2025-10-06 09:07:32.822]????2 0:0:0
[2025-10-06 09:07:32.822]????3 0
[2025-10-06 09:07:32.822]????3 0:0:0
[2025-10-06 09:07:32.822]????3 0:0:0
[2025-10-06 09:07:32.822]????4 0
[2025-10-06 09:07:32.822]????4 0:0:0
[2025-10-06 09:07:32.822]????4 0:0:0
[2025-10-06 09:10:28.701]????0
[2025-10-06 09:10:28.701]?????0
[2025-10-06 09:10:28.701]????1 0
[2025-10-06 09:10:28.701]????1 0:0:0
[2025-10-06 09:10:28.701]????1 0:0:0
[2025-10-06 09:10:28.701]????2 0
[2025-10-06 09:10:28.701]????2 0:0:0
[2025-10-06 09:10:28.701]????2 0:0:0
[2025-10-06 09:10:28.701]????3 0
[2025-10-06 09:10:28.701]????3 0:0:0
[2025-10-06 09:10:28.701]????3 0:0:0
[2025-10-06 09:10:28.701]????4 0
[2025-10-06 09:10:28.701]????4 0:0:0
[2025-10-06 09:10:28.701]????4 0:0:0
[2025-10-06 09:15:35.911]GetControlCardInfo start.
[2025-10-06 09:15:35.929]GetControlCardInfo end.
[2025-10-06 09:16:52.528]GetControlCardInfo start.
[2025-10-06 09:16:52.539]GetControlCardInfo end.
[2025-10-06 09:16:54.032]GetControlCardInfo start.
[2025-10-06 09:19:13.488]GetControlCardInfo start.
[2025-10-06 09:19:13.508]GetControlCardInfo end.
[2025-10-06 09:20:46.167]????0
[2025-10-06 09:20:46.167]?????0
[2025-10-06 09:20:46.167]????1 0
[2025-10-06 09:20:46.167]????1 0:0:0
[2025-10-06 09:20:46.167]????1 0:0:0
[2025-10-06 09:20:46.167]????2 0
[2025-10-06 09:20:46.167]????2 0:0:0
[2025-10-06 09:20:46.167]????2 0:0:0
[2025-10-06 09:20:46.167]????3 0
[2025-10-06 09:20:46.167]????3 0:0:0
[2025-10-06 09:20:46.167]????3 0:0:0
[2025-10-06 09:20:46.167]????4 0
[2025-10-06 09:20:46.167]????4 0:0:0
[2025-10-06 09:20:46.167]????4 0:0:0
[2025-10-06 09:26:46.575]GetControlCardInfo start.
[2025-10-06 09:26:46.588]GetControlCardInfo end.
[2025-10-06 09:27:34.494]????0
[2025-10-06 09:27:34.494]?????0
[2025-10-06 09:27:34.494]????1 0
[2025-10-06 09:27:34.494]????1 0:0:0
[2025-10-06 09:27:34.494]????1 0:0:0
[2025-10-06 09:27:34.495]????2 0
[2025-10-06 09:27:34.495]????2 0:0:0
[2025-10-06 09:27:34.495]????2 0:0:0
[2025-10-06 09:27:34.495]????3 0
[2025-10-06 09:27:34.495]????3 0:0:0
[2025-10-06 09:27:34.495]????3 0:0:0
[2025-10-06 09:27:34.495]????4 0
[2025-10-06 09:27:34.495]????4 0:0:0
[2025-10-06 09:27:34.495]????4 0:0:0
[2025-10-06 09:29:11.547]????0
[2025-10-06 09:29:11.547]?????0
[2025-10-06 09:29:11.547]????1 0
[2025-10-06 09:29:11.547]????1 0:0:0
[2025-10-06 09:29:11.547]????1 0:0:0
[2025-10-06 09:29:11.547]????2 0
[2025-10-06 09:29:11.547]????2 0:0:0
[2025-10-06 09:29:11.547]????2 0:0:0
[2025-10-06 09:29:11.547]????3 0
[2025-10-06 09:29:11.547]????3 0:0:0
[2025-10-06 09:29:11.547]????3 0:0:0
[2025-10-06 09:29:11.547]????4 0
[2025-10-06 09:29:11.547]????4 0:0:0
[2025-10-06 09:29:11.547]????4 0:0:0
[2025-10-06 09:29:55.364]GetControlCardInfo start.
[2025-10-06 09:29:55.384]GetControlCardInfo end.
[2025-10-06 09:30:24.644]????0
[2025-10-06 09:30:24.644]?????0
[2025-10-06 09:30:24.644]????1 0
[2025-10-06 09:30:24.644]????1 0:0:0
[2025-10-06 09:30:24.644]????1 0:0:0
[2025-10-06 09:30:24.644]????2 0
[2025-10-06 09:30:24.644]????2 0:0:0
[2025-10-06 09:30:24.644]????2 0:0:0
[2025-10-06 09:30:24.644]????3 0
[2025-10-06 09:30:24.644]????3 0:0:0
[2025-10-06 09:30:24.644]????3 0:0:0
[2025-10-06 09:30:24.644]????4 0
[2025-10-06 09:30:24.644]????4 0:0:0
[2025-10-06 09:30:24.644]????4 0:0:0
[2025-10-06 09:31:29.666]GetControlCardInfo start.
[2025-10-06 09:31:29.677]GetControlCardInfo end.
[2025-10-06 09:31:55.521]GetControlCardInfo start.
[2025-10-06 09:31:55.534]GetControlCardInfo end.
[2025-10-06 09:32:26.412]????0
[2025-10-06 09:32:26.412]?????0
[2025-10-06 09:32:26.412]????1 0
[2025-10-06 09:32:26.412]????1 0:0:0
[2025-10-06 09:32:26.412]????1 0:0:0
[2025-10-06 09:32:26.412]????2 0
[2025-10-06 09:32:26.412]????2 0:0:0
[2025-10-06 09:32:26.412]????2 0:0:0
[2025-10-06 09:32:26.412]????3 0
[2025-10-06 09:32:26.412]????3 0:0:0
[2025-10-06 09:32:26.412]????3 0:0:0
[2025-10-06 09:32:26.412]????4 0
[2025-10-06 09:32:26.412]????4 0:0:0
[2025-10-06 09:32:26.412]????4 0:0:0
